This is pdfTeX, Version 3.141592653-2.6-1.40.24 (MiKTeX 22.10) (preloaded format=pdflatex 2024.2.17)  16 MAR 2024 17:35
entering extended mode
 restricted \write18 enabled.
 %&-line parsing enabled.
**./SRSAgroLink.tex
(SRSAgroLink.tex
LaTeX2e <2022-06-01> patch level 5
L3 programming layer <2022-09-28>
(C:\Users\nunon\AppData\Local\Programs\MiKTeX\tex/latex/koma-script\scrreprt.cl
s
Document Class: scrreprt 2023/07/07 v3.41 KOMA-Script document class (report)

(C:\Users\nunon\AppData\Local\Programs\MiKTeX\tex/latex/koma-script\scrkbase.st
y
Package: scrkbase 2023/07/07 v3.41 KOMA-Script package (KOMA-Script-dependent b
asics and keyval usage)

(C:\Users\nunon\AppData\Local\Programs\MiKTeX\tex/latex/koma-script\scrbase.sty
Package: scrbase 2023/07/07 v3.41 KOMA-Script package (KOMA-Script-independent 
basics and keyval usage)

(C:\Users\nunon\AppData\Local\Programs\MiKTeX\tex/latex/koma-script\scrlfile.st
y
Package: scrlfile 2023/07/07 v3.41 KOMA-Script package (file load hooks)

(C:\Users\nunon\AppData\Local\Programs\MiKTeX\tex/latex/koma-script\scrlfile-ho
ok.sty
Package: scrlfile-hook 2023/07/07 v3.41 KOMA-Script package (using LaTeX hooks)


(C:\Users\nunon\AppData\Local\Programs\MiKTeX\tex/latex/koma-script\scrlogo.sty
Package: scrlogo 2023/07/07 v3.41 KOMA-Script package (logo)
))) (C:\Users\nunon\AppData\Local\Programs\MiKTeX\tex/latex/graphics\keyval.sty
Package: keyval 2022/05/29 v1.15 key=value parser (DPC)
\KV@toks@=\toks16
)
Applying: [2021/05/01] Usage of raw or classic option list on input line 252.
Already applied: [0000/00/00] Usage of raw or classic option list on input line
 368.
))
(C:\Users\nunon\AppData\Local\Programs\MiKTeX\tex/latex/koma-script\tocbasic.st
y
Package: tocbasic 2023/07/07 v3.41 KOMA-Script package (handling toc-files)
\scr@dte@tocline@numberwidth=\skip47
\scr@dte@tocline@numbox=\box51
)
Package tocbasic Info: omitting babel extension for `toc'
(tocbasic)             because of feature `nobabel' available
(tocbasic)             for `toc' on input line 135.
Class scrreprt Info: File `scrsize11pt.clo' used instead of
(scrreprt)           file `scrsize11.clo' to setup font sizes on input line 268
8.

(C:\Users\nunon\AppData\Local\Programs\MiKTeX\tex/latex/koma-script\scrsize11pt
.clo
File: scrsize11pt.clo 2023/07/07 v3.41 KOMA-Script font size class option (11pt
)
)
(C:\Users\nunon\AppData\Local\Programs\MiKTeX\tex/latex/koma-script\typearea.st
y
Package: typearea 2023/07/07 v3.41 KOMA-Script package (type area)
\ta@bcor=\skip48
\ta@div=\count185
\ta@hblk=\skip49
\ta@vblk=\skip50
\ta@temp=\skip51
\footheight=\skip52
Package typearea Info: These are the values describing the layout:
(typearea)             DIV  = 10
(typearea)             BCOR = 0.0pt
(typearea)             \paperwidth      = 597.50793pt
(typearea)              \textwidth      = 418.25555pt
(typearea)              DIV departure   = -6%
(typearea)              \evensidemargin = 17.3562pt
(typearea)              \oddsidemargin  = 17.3562pt
(typearea)             \paperheight     = 845.04694pt
(typearea)              \textheight     = 595.80026pt
(typearea)              \topmargin      = -25.16531pt
(typearea)              \headheight     = 17.0pt
(typearea)              \headsep        = 20.40001pt
(typearea)              \topskip        = 11.0pt
(typearea)              \footskip       = 47.6pt
(typearea)              \baselineskip   = 13.6pt
(typearea)              on input line 1799.
)
\c@part=\count186
\c@chapter=\count187
\c@section=\count188
\c@subsection=\count189
\c@subsubsection=\count190
\c@paragraph=\count191
\c@subparagraph=\count192
\scr@dte@chapter@maxnumwidth=\skip53
Class scrreprt Info: using compatibility default `afterindent=bysign'
(scrreprt)           for `\chapter on input line 5994.
\scr@dte@section@maxnumwidth=\skip54
Class scrreprt Info: using compatibility default `runin=bysign'
(scrreprt)           for `\section on input line 6005.
Class scrreprt Info: using compatibility default `afterindent=bysign'
(scrreprt)           for `\section on input line 6005.
\scr@dte@part@maxnumwidth=\skip55
Class scrreprt Info: using compatibility default `afterindent=true'
(scrreprt)           for `\part on input line 6014.
\scr@dte@subsection@maxnumwidth=\skip56
Class scrreprt Info: using compatibility default `runin=bysign'
(scrreprt)           for `\subsection on input line 6024.
Class scrreprt Info: using compatibility default `afterindent=bysign'
(scrreprt)           for `\subsection on input line 6024.
\scr@dte@subsubsection@maxnumwidth=\skip57
Class scrreprt Info: using compatibility default `runin=bysign'
(scrreprt)           for `\subsubsection on input line 6034.
Class scrreprt Info: using compatibility default `afterindent=bysign'
(scrreprt)           for `\subsubsection on input line 6034.
\scr@dte@paragraph@maxnumwidth=\skip58
Class scrreprt Info: using compatibility default `runin=bysign'
(scrreprt)           for `\paragraph on input line 6045.
Class scrreprt Info: using compatibility default `afterindent=bysign'
(scrreprt)           for `\paragraph on input line 6045.
\scr@dte@subparagraph@maxnumwidth=\skip59
Class scrreprt Info: using compatibility default `runin=bysign'
(scrreprt)           for `\subparagraph on input line 6055.
Class scrreprt Info: using compatibility default `afterindent=bysign'
(scrreprt)           for `\subparagraph on input line 6055.
\abovecaptionskip=\skip60
\belowcaptionskip=\skip61
\c@pti@nb@sid@b@x=\box52
Package tocbasic Info: omitting babel extension for `lof'
(tocbasic)             because of feature `nobabel' available
(tocbasic)             for `lof' on input line 7240.
\scr@dte@figure@maxnumwidth=\skip62
\c@figure=\count193
Package tocbasic Info: omitting babel extension for `lot'
(tocbasic)             because of feature `nobabel' available
(tocbasic)             for `lot' on input line 7257.
\scr@dte@table@maxnumwidth=\skip63
\c@table=\count194
Class scrreprt Info: Redefining `\numberline' on input line 7428.
\bibindent=\dimen138
)
(C:\Users\nunon\AppData\Local\Programs\MiKTeX\tex/latex/listings\listings.sty
\lst@mode=\count195
\lst@gtempboxa=\box53
\lst@token=\toks17
\lst@length=\count196
\lst@currlwidth=\dimen139
\lst@column=\count197
\lst@pos=\count198
\lst@lostspace=\dimen140
\lst@width=\dimen141
\lst@newlines=\count199
\lst@lineno=\count266
\lst@maxwidth=\dimen142

(C:\Users\nunon\AppData\Local\Programs\MiKTeX\tex/latex/listings\lstmisc.sty
File: lstmisc.sty 2020/03/24 1.8d (Carsten Heinz)
\c@lstnumber=\count267
\lst@skipnumbers=\count268
\lst@framebox=\box54
)
(C:\Users\nunon\AppData\Local\Programs\MiKTeX\tex/latex/listings\listings.cfg
File: listings.cfg 2020/03/24 1.8d listings configuration
))
Package: listings 2020/03/24 1.8d (Carsten Heinz)

(C:\Users\nunon\AppData\Local\Programs\MiKTeX\tex/latex/underscore\underscore.s
ty
Package: underscore 2006/09/13
LaTeX Info: Redefining \_ on input line 42.
)
(C:\Users\nunon\AppData\Local\Programs\MiKTeX\tex/latex/hyperref\hyperref.sty
Package: hyperref 2022-09-22 v7.00t Hypertext links for LaTeX

(C:\Users\nunon\AppData\Local\Programs\MiKTeX\tex/generic/ltxcmds\ltxcmds.sty
Package: ltxcmds 2023-12-04 v1.26 LaTeX kernel commands for general use (HO)
)
(C:\Users\nunon\AppData\Local\Programs\MiKTeX\tex/generic/iftex\iftex.sty
Package: iftex 2022/02/03 v1.0f TeX engine tests
)
(C:\Users\nunon\AppData\Local\Programs\MiKTeX\tex/generic/pdftexcmds\pdftexcmds
.sty
Package: pdftexcmds 2020-06-27 v0.33 Utility functions of pdfTeX for LuaTeX (HO
)

(C:\Users\nunon\AppData\Local\Programs\MiKTeX\tex/generic/infwarerr\infwarerr.s
ty
Package: infwarerr 2019/12/03 v1.5 Providing info/warning/error messages (HO)
)
Package pdftexcmds Info: \pdf@primitive is available.
Package pdftexcmds Info: \pdf@ifprimitive is available.
Package pdftexcmds Info: \pdfdraftmode found.
)
(C:\Users\nunon\AppData\Local\Programs\MiKTeX\tex/latex/kvsetkeys\kvsetkeys.sty
Package: kvsetkeys 2022-10-05 v1.19 Key value parser (HO)
)
(C:\Users\nunon\AppData\Local\Programs\MiKTeX\tex/generic/kvdefinekeys\kvdefine
keys.sty
Package: kvdefinekeys 2019-12-19 v1.6 Define keys (HO)
)
(C:\Users\nunon\AppData\Local\Programs\MiKTeX\tex/generic/pdfescape\pdfescape.s
ty
Package: pdfescape 2019/12/09 v1.15 Implements pdfTeX's escape features (HO)
) (C:\Users\nunon\AppData\Local\Programs\MiKTeX\tex/latex/hycolor\hycolor.sty
Package: hycolor 2020-01-27 v1.10 Color options for hyperref/bookmark (HO)
)
(C:\Users\nunon\AppData\Local\Programs\MiKTeX\tex/latex/letltxmacro\letltxmacro
.sty
Package: letltxmacro 2019/12/03 v1.6 Let assignment for LaTeX macros (HO)
)
(C:\Users\nunon\AppData\Local\Programs\MiKTeX\tex/latex/auxhook\auxhook.sty
Package: auxhook 2019-12-17 v1.6 Hooks for auxiliary files (HO)
)
(C:\Users\nunon\AppData\Local\Programs\MiKTeX\tex/latex/hyperref\nameref.sty
Package: nameref 2022-05-17 v2.50 Cross-referencing by name of section

(C:\Users\nunon\AppData\Local\Programs\MiKTeX\tex/latex/refcount\refcount.sty
Package: refcount 2019/12/15 v3.6 Data extraction from label references (HO)
)
(C:\Users\nunon\AppData\Local\Programs\MiKTeX\tex/generic/gettitlestring\gettit
lestring.sty
Package: gettitlestring 2019/12/15 v1.6 Cleanup title references (HO)

(C:\Users\nunon\AppData\Local\Programs\MiKTeX\tex/latex/kvoptions\kvoptions.sty
Package: kvoptions 2022-06-15 v3.15 Key value format for package options (HO)
))
\c@section@level=\count269
)
\@linkdim=\dimen143
\Hy@linkcounter=\count270
\Hy@pagecounter=\count271
 (C:\Users\nunon\AppData\Local\Programs\MiKTeX\tex/latex/hyperref\pd1enc.def
File: pd1enc.def 2022-09-22 v7.00t Hyperref: PDFDocEncoding definition (HO)
Now handling font encoding PD1 ...
... no UTF-8 mapping file for font encoding PD1
) (C:\Users\nunon\AppData\Local\Programs\MiKTeX\tex/generic/intcalc\intcalc.sty
Package: intcalc 2019/12/15 v1.3 Expandable calculations with integers (HO)
)
(C:\Users\nunon\AppData\Local\Programs\MiKTeX\tex/generic/etexcmds\etexcmds.sty
Package: etexcmds 2019/12/15 v1.7 Avoid name clashes with e-TeX commands (HO)
)
\Hy@SavedSpaceFactor=\count272
 (C:\Users\nunon\AppData\Local\Programs\MiKTeX\tex/latex/hyperref\puenc.def
File: puenc.def 2022-09-22 v7.00t Hyperref: PDF Unicode definition (HO)
Now handling font encoding PU ...
... no UTF-8 mapping file for font encoding PU
)
Package hyperref Info: Option `bookmarks' set `true' on input line 4045.
Package hyperref Info: Hyper figures OFF on input line 4162.
Package hyperref Info: Link nesting OFF on input line 4167.
Package hyperref Info: Hyper index ON on input line 4170.
Package hyperref Info: Plain pages OFF on input line 4177.
Package hyperref Info: Backreferencing OFF on input line 4182.
Package hyperref Info: Implicit mode ON; LaTeX internals redefined.
\stockwidth=\dimen144
\stockheight=\dimen145
Package hyperref Info: Bookmarks ON on input line 4410.
\c@Hy@tempcnt=\count273

(C:\Users\nunon\AppData\Local\Programs\MiKTeX\tex/latex/url\url.sty
\Urlmuskip=\muskip16
Package: url 2013/09/16  ver 3.4  Verb mode for urls, etc.
)
LaTeX Info: Redefining \url on input line 4748.
\XeTeXLinkMargin=\dimen146

(C:\Users\nunon\AppData\Local\Programs\MiKTeX\tex/generic/bitset\bitset.sty
Package: bitset 2019/12/09 v1.3 Handle bit-vector datatype (HO)

(C:\Users\nunon\AppData\Local\Programs\MiKTeX\tex/generic/bigintcalc\bigintcalc
.sty
Package: bigintcalc 2019/12/15 v1.5 Expandable calculations on big integers (HO
)
))
\Fld@menulength=\count274
\Field@Width=\dimen147
\Fld@charsize=\dimen148
Package hyperref Info: Hyper figures OFF on input line 6027.
Package hyperref Info: Link nesting OFF on input line 6032.
Package hyperref Info: Hyper index ON on input line 6035.
Package hyperref Info: backreferencing OFF on input line 6042.
Package hyperref Info: Link coloring OFF on input line 6047.
Package hyperref Info: Link coloring with OCG OFF on input line 6052.
Package hyperref Info: PDF/A mode OFF on input line 6057.

(C:\Users\nunon\AppData\Local\Programs\MiKTeX\tex/latex/base\atbegshi-ltx.sty
Package: atbegshi-ltx 2021/01/10 v1.0c Emulation of the original atbegshi
package with kernel methods
)
\Hy@abspage=\count275
\c@Item=\count276
\c@Hfootnote=\count277
)
Package hyperref Info: Driver (autodetected): hpdftex.
(C:\Users\nunon\AppData\Local\Programs\MiKTeX\tex/latex/hyperref\hpdftex.def
File: hpdftex.def 2022-09-22 v7.00t Hyperref driver for pdfTeX

(C:\Users\nunon\AppData\Local\Programs\MiKTeX\tex/latex/base\atveryend-ltx.sty
Package: atveryend-ltx 2020/08/19 v1.0a Emulation of the original atveryend pac
kage
with kernel methods
)
\Fld@listcount=\count278
\c@bookmark@seq@number=\count279

(C:\Users\nunon\AppData\Local\Programs\MiKTeX\tex/latex/rerunfilecheck\rerunfil
echeck.sty
Package: rerunfilecheck 2022-07-10 v1.10 Rerun checks for auxiliary files (HO)

(C:\Users\nunon\AppData\Local\Programs\MiKTeX\tex/generic/uniquecounter\uniquec
ounter.sty
Package: uniquecounter 2019/12/15 v1.4 Provide unlimited unique counter (HO)
)
Package uniquecounter Info: New unique counter `rerunfilecheck' on input line 2
85.
)
\Hy@SectionHShift=\skip64
)
(C:\Users\nunon\AppData\Local\Programs\MiKTeX\tex/latex/base\inputenc.sty
Package: inputenc 2021/02/14 v1.3d Input encoding file
\inpenc@prehook=\toks18
\inpenc@posthook=\toks19
)
(C:\Users\nunon\AppData\Local\Programs\MiKTeX\tex/generic/babel\babel.sty
Package: babel 2022/10/04 3.81 The Babel package
\babel@savecnt=\count280
\U@D=\dimen149
\l@unhyphenated=\language79

(C:\Users\nunon\AppData\Local\Programs\MiKTeX\tex/generic/babel\txtbabel.def)
\bbl@readstream=\read2
\bbl@dirlevel=\count281

*************************************
* Local config file bblopts.cfg used
*
(C:\Users\nunon\AppData\Local\Programs\MiKTeX\tex/latex/arabi\bblopts.cfg
File: bblopts.cfg 2005/09/08 v0.1 add Arabic and Farsi to "declared" options of
 babel
)
(C:\Users\nunon\AppData\Local\Programs\MiKTeX\tex/latex/babel-portuges\portugue
se.ldf
Language: portuges 2021/07/09 v1.2t Portuguese support from the babel system
Package babel Info: Making " an active character on input line 143.
))
(C:\Users\nunon\AppData\Local\Programs\MiKTeX\tex/generic/babel/locale/pt\babel
-portuguese.tex
Package babel Info: Importing font and identification data for portuguese
(babel)             from babel-pt.ini. Reported on input line 11.
)

Package hyperref Warning: Option `bookmarks' has already been used,
(hyperref)                setting the option has no effect on input line 19.

Package hyperref Info: Option `colorlinks' set `true' on input line 19.
(C:\Users\nunon\AppData\Local\Programs\MiKTeX\tex/latex/graphics\graphicx.sty
Package: graphicx 2021/09/16 v1.2d Enhanced LaTeX Graphics (DPC,SPQR)

(C:\Users\nunon\AppData\Local\Programs\MiKTeX\tex/latex/graphics\graphics.sty
Package: graphics 2022/03/10 v1.4e Standard LaTeX Graphics (DPC,SPQR)

(C:\Users\nunon\AppData\Local\Programs\MiKTeX\tex/latex/graphics\trig.sty
Package: trig 2021/08/11 v1.11 sin cos tan (DPC)
)
(C:\Users\nunon\AppData\Local\Programs\MiKTeX\tex/latex/graphics-cfg\graphics.c
fg
File: graphics.cfg 2016/06/04 v1.11 sample graphics configuration
)
Package graphics Info: Driver file: pdftex.def on input line 107.

(C:\Users\nunon\AppData\Local\Programs\MiKTeX\tex/latex/graphics-def\pdftex.def
File: pdftex.def 2022/09/22 v1.2b Graphics/color driver for pdftex
))
\Gin@req@height=\dimen150
\Gin@req@width=\dimen151
)
(C:\Users\nunon\AppData\Local\Programs\MiKTeX\tex/latex/floatrow\floatrow.sty
Package: floatrow 2008/08/02 v0.3b floatrow: float package extension

(C:\Users\nunon\AppData\Local\Programs\MiKTeX\tex/latex/caption\caption3.sty
Package: caption3 2023/07/31 v2.4d caption3 kernel (AR)
\caption@tempdima=\dimen152
\captionmargin=\dimen153
\caption@leftmargin=\dimen154
\caption@rightmargin=\dimen155
\caption@width=\dimen156
\caption@indent=\dimen157
\caption@parindent=\dimen158
\caption@hangindent=\dimen159
Package caption Info: KOMA-Script document class detected.

(C:\Users\nunon\AppData\Local\Programs\MiKTeX\tex/latex/caption\caption-koma.st
o
File: caption-koma.sto 2023/09/08 v2.0e Adaption of the caption package to the 
KOMA-Script document classes (AR)
))
\c@float@type=\count282
\float@exts=\toks20
\float@box=\box55
\@floatcapt=\box56
Package floatrow Info: Modified float package code loaded on input line 455.
Package floatrow Info: Modified rotfloat package code loaded on input line 473.

\FR@everyfloat=\toks21
\flrow@foot=\insert252
\FB@wd=\dimen160
\FBo@wd=\dimen161
\FBc@wd=\dimen162
\FBo@ht=\skip65
\FBc@ht=\skip66
\FBf@ht=\skip67
\FBo@max=\skip68
\FBc@max=\skip69
\FBf@max=\skip70
\c@FBl@b=\count283
\floatbox@depth=\count284
\c@FRobj=\count285
\c@FRsobj=\count286
\Xhsize=\skip71
\sXhsize=\skip72
\Zhsize=\skip73
\sZhsize=\skip74
\flrow@rowbox=\box57
\FR@Zunitlength=\dimen163
\c@FBcnt=\count287
\FPOScnt=\count288
\LTleft=\skip75
\LTright=\skip76
\LTleft=\skip77
\LTright=\skip78
\flrow@types=\toks22
)
(C:\Users\nunon\AppData\Local\Programs\MiKTeX\tex/latex/caption\caption.sty
Package: caption 2023/08/05 v3.6o Customizing captions (AR)
\c@caption@flags=\count289
\c@continuedfloat=\count290
Package caption Info: float package is loaded.
Package caption Info: floatrow package is loaded.
Package caption Info: floatrow package is loaded.
Package caption Info: hyperref package is loaded.
Package caption Info: listings package is loaded.
Package caption Info: KOMA-Script scrextend package detected.
\caption@addmargin@hsize=\dimen164
\caption@addmargin@linewidth=\dimen165
)

Class scrreprt Warning: Usage of package `tocloft' together
(scrreprt)              with a KOMA-Script class is not recommended.
(scrreprt)              I'd suggest to use options like `listof=entryprefix',
(scrreprt)              commands like `\listoflofentryname' or
(scrreprt)              `\listoflotentryname', and `\DeclareTOCStyleEntry' or
(scrreprt)              `\RedeclareSectionCommand' instead of this package,
(scrreprt)              because it breaks several KOMA-Script features of
(scrreprt)              the list of figures, list of tables and table of
(scrreprt)              contents, i.e., options like `listof=numbered',
(scrreprt)              `listof=flat or `toc=flat', commands like
(scrreprt)              `\BeforeTOCHead{...}' and `\AfterTOCHead{...}',
(scrreprt)              `\BeforeStartingTOC{...}' and \AfterStartingTOC{...}',
(scrreprt)              all features of `\DeclareTOCStyleEntry',
(scrreprt)              and the ToC entry features of `\DeclareSecionCommand'
(scrreprt)              and `\RedeclareSectionCommand' of levels
(scrreprt)              `part', `section', `subsection',
(scrreprt)              `subsubsection', `paragraph' and `subparagraph'.
(scrreprt)              Nevertheless, using requested
(scrreprt)              package `tocloft' on input line 31.

(C:\Users\nunon\AppData\Local\Programs\MiKTeX\tex/latex/tocloft\tocloft.sty
Package: tocloft 2017/08/31 v2.3i parameterised ToC, etc., typesetting
Package tocloft Info: The document has chapter divisions on input line 51.
\cftparskip=\skip79
\cftbeforetoctitleskip=\skip80
\cftaftertoctitleskip=\skip81
\cftbeforepartskip=\skip82
\cftpartnumwidth=\skip83
\cftpartindent=\skip84
\cftbeforechapskip=\skip85
\cftchapindent=\skip86
\cftchapnumwidth=\skip87
\cftbeforesecskip=\skip88
\cftsecindent=\skip89
\cftsecnumwidth=\skip90
\cftbeforesubsecskip=\skip91
\cftsubsecindent=\skip92
\cftsubsecnumwidth=\skip93
\cftbeforesubsubsecskip=\skip94
\cftsubsubsecindent=\skip95
\cftsubsubsecnumwidth=\skip96
\cftbeforeparaskip=\skip97
\cftparaindent=\skip98
\cftparanumwidth=\skip99
\cftbeforesubparaskip=\skip100
\cftsubparaindent=\skip101
\cftsubparanumwidth=\skip102
\cftbeforeloftitleskip=\skip103
\cftafterloftitleskip=\skip104
\cftbeforefigskip=\skip105
\cftfigindent=\skip106
\cftfignumwidth=\skip107
\c@lofdepth=\count291
\c@lotdepth=\count292
\cftbeforelottitleskip=\skip108
\cftafterlottitleskip=\skip109
\cftbeforetabskip=\skip110
\cfttabindent=\skip111
\cfttabnumwidth=\skip112
)
\c@listofimagens=\count293
\cftbeforelistofimagensskip=\skip113
\cftlistofimagensindent=\skip114
\cftlistofimagensnumwidth=\skip115
\c@imgdepth=\count294
\cftbeforeimgtitleskip=\skip116
\cftafterimgtitleskip=\skip117

(C:\Users\nunon\AppData\Local\Programs\MiKTeX\tex/latex/l3backend\l3backend-pdf
tex.def
File: l3backend-pdftex.def 2022-09-28 L3 backend support: PDF output (pdfTeX)
\l__color_backend_stack_int=\count295
\l__pdf_internal_box=\box58
) (SRSAgroLink.aux)
\openout1 = `SRSAgroLink.aux'.

LaTeX Font Info:    Checking defaults for OML/cmm/m/it on input line 40.
LaTeX Font Info:    ... okay on input line 40.
LaTeX Font Info:    Checking defaults for OMS/cmsy/m/n on input line 40.
LaTeX Font Info:    ... okay on input line 40.
LaTeX Font Info:    Checking defaults for OT1/cmr/m/n on input line 40.
LaTeX Font Info:    ... okay on input line 40.
LaTeX Font Info:    Checking defaults for T1/cmr/m/n on input line 40.
LaTeX Font Info:    ... okay on input line 40.
LaTeX Font Info:    Checking defaults for TS1/cmr/m/n on input line 40.
LaTeX Font Info:    ... okay on input line 40.
LaTeX Font Info:    Checking defaults for OMX/cmex/m/n on input line 40.
LaTeX Font Info:    ... okay on input line 40.
LaTeX Font Info:    Checking defaults for U/cmr/m/n on input line 40.
LaTeX Font Info:    ... okay on input line 40.
LaTeX Font Info:    Checking defaults for PD1/pdf/m/n on input line 40.
LaTeX Font Info:    ... okay on input line 40.
LaTeX Font Info:    Checking defaults for PU/pdf/m/n on input line 40.
LaTeX Font Info:    ... okay on input line 40.
\c@lstlisting=\count296

(C:\Users\nunon\AppData\Local\Programs\MiKTeX\tex/latex/graphics\color.sty
Package: color 2022/01/06 v1.3d Standard LaTeX Color (DPC)

(C:\Users\nunon\AppData\Local\Programs\MiKTeX\tex/latex/graphics-cfg\color.cfg
File: color.cfg 2016/01/02 v1.6 sample color configuration
)
Package color Info: Driver file: pdftex.def on input line 149.
(C:\Users\nunon\AppData\Local\Programs\MiKTeX\tex/latex/graphics\mathcolor.ltx)
)
Package hyperref Info: Link coloring ON on input line 40.
 (SRSAgroLink.out) (SRSAgroLink.out)
\@outlinefile=\write3
\openout3 = `SRSAgroLink.out'.

Class scrreprt Info: loading recommended package `bookmark'.
(scrreprt)           Using `bookmark' together with `hyperref' is recommended,
(scrreprt)           because of handling of possible bookmark level gaps.
(scrreprt)           You can avoid loading `bookmark' with KOMA-Script option
(scrreprt)           `bookmarkpackage=false' before \begin{document} and
(scrreprt)           you can avoid this message adding:
(scrreprt)             \usepackage{bookmark}
(scrreprt)           before \begin{document} on input line 40.

(C:\Users\nunon\AppData\Local\Programs\MiKTeX\tex/latex/bookmark\bookmark.sty
Package: bookmark 2023-12-10 v1.31 PDF bookmarks (HO)

(C:\Users\nunon\AppData\Local\Programs\MiKTeX\tex/latex/bookmark\bkm-pdftex.def
File: bkm-pdftex.def 2023-12-10 v1.31 bookmark driver for pdfTeX and luaTeX (HO
)
\BKM@id=\count297
))
(C:\Users\nunon\AppData\Local\Programs\MiKTeX\tex/context/base/mkii\supp-pdf.mk
ii
[Loading MPS to PDF converter (version 2006.09.02).]
\scratchcounter=\count298
\scratchdimen=\dimen166
\scratchbox=\box59
\nofMPsegments=\count299
\nofMParguments=\count300
\everyMPshowfont=\toks23
\MPscratchCnt=\count301
\MPscratchDim=\dimen167
\MPnumerator=\count302
\makeMPintoPDFobject=\count303
\everyMPtoPDFconversion=\toks24
)
(C:\Users\nunon\AppData\Local\Programs\MiKTeX\tex/latex/epstopdf-pkg\epstopdf-b
ase.sty
Package: epstopdf-base 2020-01-24 v2.11 Base part for package epstopdf
Package epstopdf-base Info: Redefining graphics rule for `.eps' on input line 4
85.

(C:\Users\nunon\AppData\Local\Programs\MiKTeX\tex/latex/00miktex\epstopdf-sys.c
fg
File: epstopdf-sys.cfg 2021/03/18 v2.0 Configuration of epstopdf for MiKTeX
))
Package caption Info: Begin \AtBeginDocument code.
Package caption Info: End \AtBeginDocument code.

Overfull \hbox (36.98853pt too wide) in paragraph at lines 43--43
 []
 []

LaTeX Font Info:    External font `cmex10' loaded for size
(Font)              <10.95> on input line 53.
LaTeX Font Info:    External font `cmex10' loaded for size
(Font)              <8> on input line 53.
LaTeX Font Info:    External font `cmex10' loaded for size
(Font)              <6> on input line 53.
<AGROLINK.png, id=3, 295.85532pt x 295.85532pt>
File: AGROLINK.png Graphic file (type png)
<use AGROLINK.png>
Package pdftex.def Info: AGROLINK.png  used on input line 57.
(pdftex.def)             Requested size: 125.47794pt x 125.47726pt.
[1

{C:/Users/nunon/AppData/Local/MiKTeX/fonts/map/pdftex/pdftex.map} <./AGROLINK.p
ng>] (SRSAgroLink.toc)
\tf@toc=\write4
\openout4 = `SRSAgroLink.toc'.

 (SRSAgroLink.lof [2])
\tf@lof=\write5
\openout5 = `SRSAgroLink.lof'.

 [3]
chapter 1.

Class scrreprt Warning: \float@addtolists detected!
(scrreprt)              Implementation of \float@addtolist became
(scrreprt)              deprecated in KOMA-Script v3.01 2008/11/14 and
(scrreprt)              has been replaced by several more flexible
(scrreprt)              features of package `tocbasic`.
(scrreprt)              Since Version 3.12 support for deprecated
(scrreprt)              \float@addtolist interface has been
(scrreprt)              restricted to only some of the KOMA-Script
(scrreprt)              features and been removed from others.
(scrreprt)              Loading of package `scrhack' may help to
(scrreprt)              avoid this warning, if you are using a
(scrreprt)              a package that still implements the
(scrreprt)              deprecated \float@addtolist interface.

[4

] [5]
chapter 2.
<DiagramaRelacional.png, id=105, 881.694pt x 449.88075pt>
File: DiagramaRelacional.png Graphic file (type png)
<use DiagramaRelacional.png>
Package pdftex.def Info: DiagramaRelacional.png  used on input line 114.
(pdftex.def)             Requested size: 376.42744pt x 192.06516pt.

LaTeX Warning: `!h' float specifier changed to `!ht'.

<DiagramaDeClasses.png, id=108, 828.696pt x 505.28775pt>
File: DiagramaDeClasses.png Graphic file (type png)
<use DiagramaDeClasses.png>
Package pdftex.def Info: DiagramaDeClasses.png  used on input line 126.
(pdftex.def)             Requested size: 292.7776pt x 178.51872pt.

LaTeX Warning: `!h' float specifier changed to `!ht'.

[6

] [7 <./DiagramaRelacional.png> <./DiagramaDeClasses.png>]
<AmbienteOperativo.png, id=122, 371.58826pt x 263.7855pt>
File: AmbienteOperativo.png Graphic file (type png)
<use AmbienteOperativo.png>
Package pdftex.def Info: AmbienteOperativo.png  used on input line 142.
(pdftex.def)             Requested size: 125.47794pt x 89.07407pt.
 [8 <./AmbienteOperativo.png>]
chapter 3.
<AppAgrolink.png, id=129, 400.49625pt x 400.49625pt>
File: AppAgrolink.png Graphic file (type png)
<use AppAgrolink.png>
Package pdftex.def Info: AppAgrolink.png  used on input line 162.
(pdftex.def)             Requested size: 83.64983pt x 83.64836pt.

Overfull \hbox (15.01515pt too wide) in paragraph at lines 169--171
\OT1/cmr/m/n/10.95 Os re-qui-si-tos fun-ci-o-nais deste sis-tema, como ^^Se o c
aso da Gest~ao de Uti-li-za-do-res caracterizam-
 []

[9

 <./AppAgrolink.png>]
<MockupsGestaoDeUtilizadores.png, id=137, 13800.55875pt x 8225.73125pt>
File: MockupsGestaoDeUtilizadores.png Graphic file (type png)
<use MockupsGestaoDeUtilizadores.png>
Package pdftex.def Info: MockupsGestaoDeUtilizadores.png  used on input line 18
3.
(pdftex.def)             Requested size: 292.7776pt x 174.465pt.
<MockupsGestaoDeRelatorios.png, id=140, 9667.11626pt x 8352.20375pt>
File: MockupsGestaoDeRelatorios.png Graphic file (type png)
<use MockupsGestaoDeRelatorios.png>
Package pdftex.def Info: MockupsGestaoDeRelatorios.png  used on input line 200.

(pdftex.def)             Requested size: 209.12778pt x 180.58844pt.


LaTeX Warning: `!h' float specifier changed to `!ht'.

[10 <./MockupsGestaoDeUtilizadores.png>]
<MockupsGestaoDeFracoes.png, id=148, 11069.355pt x 12409.36125pt>
File: MockupsGestaoDeFracoes.png Graphic file (type png)
<use MockupsGestaoDeFracoes.png>
Package pdftex.def Info: MockupsGestaoDeFracoes.png  used on input line 216.
(pdftex.def)             Requested size: 209.12778pt x 234.41698pt.


LaTeX Warning: `!h' float specifier changed to `!ht'.

[11 <./MockupsGestaoDeRelatorios.png>]
<MockupsGestaoDeOutrasOperacoes.png, id=156, 4422.5225pt x 8483.695pt>
File: MockupsGestaoDeOutrasOperacoes.png Graphic file (type png)
<use MockupsGestaoDeOutrasOperacoes.png>
Package pdftex.def Info: MockupsGestaoDeOutrasOperacoes.png  used on input line
 232.
(pdftex.def)             Requested size: 125.47794pt x 240.64865pt.


LaTeX Warning: `!h' float specifier changed to `!ht'.


! LaTeX Error: Undefined color `purple'.

See the LaTeX manual or LaTeX Companion for explanation.
Type  H <return>  for immediate help.
 ...                                              
                                                  
l.237 ...60q5ceoFfV1y99Z-1}{www.figma.com/Projeto}
                                                  .
You're in trouble here.  Try typing  <return>  to proceed.
If that doesn't work, type  X <return>  to quit.

[12 <./MockupsGestaoDeFracoes.png>] [13 <./MockupsGestaoDeOutrasOperacoes.png>]
chapter 4.
<Diagrama de Casos de Uso - Gest√£o de Utilizadores.png, id=169, 752.8125pt x 3
58.941pt>
File: Diagrama de Casos de Uso - Gest√£o de Utilizadores.png Graphic file (type
 png)
<use Diagrama de Casos de Uso - Gest√£o de Utilizadores.png>
Package pdftex.def Info: Diagrama de Casos de Uso - Gest√£o de Utilizadores.png
  used on input line 246.
(pdftex.def)             Requested size: 334.60571pt x 159.54475pt.
<Diagrama de Casos de Uso - Gest√£o de Relat√≥rios.png, id=170, 758.835pt x 378
.81525pt>
File: Diagrama de Casos de Uso - Gest√£o de Relat√≥rios.png Graphic file (type 
png)
<use Diagrama de Casos de Uso - Gest√£o de Relat√≥rios.png>
Package pdftex.def Info: Diagrama de Casos de Uso - Gest√£o de Relat√≥rios.png 
 used on input line 253.
(pdftex.def)             Requested size: 334.60571pt x 167.0376pt.
<Diagrama de Casos de Uso - Gest√£o de Fra√ß√µes.png, id=171, 588.39825pt x 295
.1025pt>
File: Diagrama de Casos de Uso - Gest√£o de Fra√ß√µes.png Graphic file (type pn
g)
<use Diagrama de Casos de Uso - Gest√£o de Fra√ß√µes.png>
Package pdftex.def Info: Diagrama de Casos de Uso - Gest√£o de Fra√ß√µes.png  u
sed on input line 260.
(pdftex.def)             Requested size: 334.60571pt x 167.8184pt.

LaTeX Warning: `!h' float specifier changed to `!ht'.

<Diagrama de Casos de Uso - Gest√£o de Outras Opera√ß√µes.png, id=172, 462.528p
t x 326.4195pt>
File: Diagrama de Casos de Uso - Gest√£o de Outras Opera√ß√µes.png Graphic file
 (type png)
<use Diagrama de Casos de Uso - Gest√£o de Outras Opera√ß√µes.png>
Package pdftex.def Info: Diagrama de Casos de Uso - Gest√£o de Outras Opera√ß√µ
es.png  used on input line 267.
(pdftex.def)             Requested size: 334.60571pt x 236.15248pt.

LaTeX Warning: `!h' float specifier changed to `!ht'.

[14

 <./Diagrama de Casos de Uso - Gest√£o de Utilizadores.png> <./Diagrama de Caso
s de Uso - Gest√£o de Relat√≥rios.png>] [15 <./Diagrama de Casos de Uso - Gest√
£o de Fra√ß√µes.png> <./Diagrama de Casos de Uso - Gest√£o de Outras Opera√ß√µe
s.png>] (SRSAgroLink.aux)
Package rerunfilecheck Info: File `SRSAgroLink.out' has not changed.
(rerunfilecheck)             Checksum: D41D8CD98F00B204E9800998ECF8427E;0.
 ) 
Here is how much of TeX's memory you used:
 16307 strings out of 475385
 296924 string characters out of 2776907
 800077 words of memory out of 3000000
 37451 multiletter control sequences out of 15000+600000
 475646 words of font info for 49 fonts, out of 8000000 for 9000
 1141 hyphenation exceptions out of 8191
 108i,8n,106p,10929b,566s stack positions out of 10000i,1000n,20000p,200000b,80000s
 <C:\Users\nunon\AppData\Local\MiKTeX\fonts/pk/ljfour/jknappen/ec/dpi600\tcrm
1095.pk><C:/Users/nunon/AppData/Local/Programs/MiKTeX/fonts/type1/public/amsfon
ts/cm/cmbx10.pfb><C:/Users/nunon/AppData/Local/Programs/MiKTeX/fonts/type1/publ
ic/amsfonts/cm/cmbx12.pfb><C:/Users/nunon/AppData/Local/Programs/MiKTeX/fonts/t
ype1/public/amsfonts/cm/cmr10.pfb><C:/Users/nunon/AppData/Local/Programs/MiKTeX
/fonts/type1/public/amsfonts/cm/cmssbx10.pfb>
Output written on SRSAgroLink.pdf (15 pages, 88792700 bytes).
PDF statistics:
 293 PDF objects out of 1000 (max. 8388607)
 53 named destinations out of 1000 (max. 500000)
 258 words of extra memory for PDF output out of 10000 (max. 10000000)

